0 info it worked if it ends with ok
1 verbose cli [ '/usr/bin/node', '/usr/bin/npm', 'start' ]
2 info using npm@2.15.8
3 info using node@v4.4.7
4 verbose run-script [ 'prestart', 'start', 'poststart' ]
5 info prestart page-cleaner@1.0.0
6 info start page-cleaner@1.0.0
7 verbose unsafe-perm in lifecycle true
8 info page-cleaner@1.0.0 Failed to exec start script
9 verbose stack Error: page-cleaner@1.0.0 start: `node index.js`
9 verbose stack Exit status 1
9 verbose stack     at EventEmitter.<anonymous> (/usr/lib/node_modules/npm/lib/utils/lifecycle.js:217:16)
9 verbose stack     at emitTwo (events.js:87:13)
9 verbose stack     at EventEmitter.emit (events.js:172:7)
9 verbose stack     at ChildProcess.<anonymous> (/usr/lib/node_modules/npm/lib/utils/spawn.js:24:14)
9 verbose stack     at emitTwo (events.js:87:13)
9 verbose stack     at ChildProcess.emit (events.js:172:7)
9 verbose stack     at maybeClose (internal/child_process.js:827:16)
9 verbose stack     at Process.ChildProcess._handle.onexit (internal/child_process.js:211:5)
10 verbose pkgid page-cleaner@1.0.0
11 verbose cwd /srv/devel/annotator/page-cleaner
12 error Linux 4.4.13-200.fc22.x86_64
13 error argv "/usr/bin/node" "/usr/bin/npm" "start"
14 error node v4.4.7
15 error npm  v2.15.8
16 error code ELIFECYCLE
17 error page-cleaner@1.0.0 start: `node index.js`
17 error Exit status 1
18 error Failed at the page-cleaner@1.0.0 start script 'node index.js'.
18 error This is most likely a problem with the page-cleaner package,
18 error not with npm itself.
18 error Tell the author that this fails on your system:
18 error     node index.js
18 error You can get information on how to open an issue for this project with:
18 error     npm bugs page-cleaner
18 error Or if that isn't available, you can get their info via:
18 error
18 error     npm owner ls page-cleaner
18 error There is likely additional logging output above.
19 verbose exit [ 1, true ]
